<?xml version="1.0" encoding="UTF-8"?>
<testsuite xmlns:xsi="http://www.w3.org/2001/XMLSchema-instance" xsi:noNamespaceSchemaLocation="https://maven.apache.org/surefire/maven-surefire-plugin/xsd/surefire-test-report-3.0.xsd" version="3.0" name="alt.backend.TodosOsRecursosTest" time="1.584" tests="7" errors="0" skipped="0" failures="0">
  <properties>
[...]
</properties>
  <testcase name="saveTest" classname="alt.backend.TodosOsRecursosTest" time="0.623"/>
  <testcase name="findManyWithCursorTest" classname="alt.backend.TodosOsRecursosTest" time="0.235"/>
  <testcase name="findManyIdsTest" classname="alt.backend.TodosOsRecursosTest" time="0.027"/>
  <testcase name="findOneTest" classname="alt.backend.TodosOsRecursosTest" time="0.014"/>
  <testcase name="findManyTest" classname="alt.backend.TodosOsRecursosTest" time="0.022"/>
  <testcase name="createTest" classname="alt.backend.TodosOsRecursosTest" time="0.007"/>
  <testcase name="deleteTest" classname="alt.backend.TodosOsRecursosTest" time="0.013"/>
</testsuite>